  lesson4.cpp
C:\Users\a\Desktop\c++\lesson4\lesson4\lesson4.cpp(171,10): error C2678: 二进制“>”: 没有找到接受“const Time”类型的左操作数的运算符(或没有可接受的转换)
C:\Users\a\Desktop\c++\lesson4\lesson4\lesson4.cpp(46,10): message : 可能是“bool Time::operator >(const Time &)”
C:\Program Files\Microsoft Visual Studio\2022\Community\VC\Tools\MSVC\14.35.32215\include\memory(3526,30): message : 或    “bool std::operator >(std::nullptr_t,const std::unique_ptr<_Ty,_Dx> &)”
C:\Users\a\Desktop\c++\lesson4\lesson4\lesson4.cpp(171,10): message : “bool std::operator >(std::nullptr_t,const std::unique_ptr<_Ty,_Dx> &)”: 无法从“Time”推导出“const std::unique_ptr<_Ty,_Dx> &”的 模板 参数
C:\Program Files\Microsoft Visual Studio\2022\Community\VC\Tools\MSVC\14.35.32215\include\memory(3521,30): message : 或    “bool std::operator >(const std::unique_ptr<_Ty,_Dx> &,std::nullptr_t)”
C:\Users\a\Desktop\c++\lesson4\lesson4\lesson4.cpp(171,10): message : “bool std::operator >(const std::unique_ptr<_Ty,_Dx> &,std::nullptr_t)”: 无法从“const Time”推导出“const std::unique_ptr<_Ty,_Dx> &”的 模板 参数
C:\Program Files\Microsoft Visual Studio\2022\Community\VC\Tools\MSVC\14.35.32215\include\memory(3454,17): message : 或    “bool std::operator >(const std::unique_ptr<_Ty,_Dx> &,const std::unique_ptr<_Ty2,_Dx2> &)”
C:\Users\a\Desktop\c++\lesson4\lesson4\lesson4.cpp(171,10): message : “bool std::operator >(const std::unique_ptr<_Ty,_Dx> &,const std::unique_ptr<_Ty2,_Dx2> &)”: 无法从“const Time”推导出“const std::unique_ptr<_Ty,_Dx> &”的 模板 参数
C:\Program Files\Microsoft Visual Studio\2022\Community\VC\Tools\MSVC\14.35.32215\include\memory(1859,17): message : 或    “bool std::operator >(std::nullptr_t,const std::shared_ptr<_Ty> &) noexcept”
C:\Users\a\Desktop\c++\lesson4\lesson4\lesson4.cpp(171,10): message : “bool std::operator >(std::nullptr_t,const std::shared_ptr<_Ty> &) noexcept”: 无法从“Time”推导出“const std::shared_ptr<_Ty> &”的 模板 参数
C:\Program Files\Microsoft Visual Studio\2022\Community\VC\Tools\MSVC\14.35.32215\include\memory(1854,17): message : 或    “bool std::operator >(const std::shared_ptr<_Ty> &,std::nullptr_t) noexcept”
C:\Users\a\Desktop\c++\lesson4\lesson4\lesson4.cpp(171,10): message : “bool std::operator >(const std::shared_ptr<_Ty> &,std::nullptr_t) noexcept”: 无法从“const Time”推导出“const std::shared_ptr<_Ty> &”的 模板 参数
C:\Program Files\Microsoft Visual Studio\2022\Community\VC\Tools\MSVC\14.35.32215\include\memory(1797,17): message : 或    “bool std::operator >(const std::shared_ptr<_Ty> &,const std::shared_ptr<_Ty0> &) noexcept”
C:\Users\a\Desktop\c++\lesson4\lesson4\lesson4.cpp(171,10): message : “bool std::operator >(const std::shared_ptr<_Ty> &,const std::shared_ptr<_Ty0> &) noexcept”: 无法从“const Time”推导出“const std::shared_ptr<_Ty> &”的 模板 参数
C:\Program Files\Microsoft Visual Studio\2022\Community\VC\Tools\MSVC\14.35.32215\include\xstring(5263,17): message : 或    “bool std::operator >(const std::basic_string<_Elem,_Traits,_Alloc> &,const _Elem *const )”
C:\Users\a\Desktop\c++\lesson4\lesson4\lesson4.cpp(171,10): message : “bool std::operator >(const std::basic_string<_Elem,_Traits,_Alloc> &,const _Elem *const )”: 无法从“const Time”推导出“const std::basic_string<_Elem,_Traits,_Alloc> &”的 模板 参数
C:\Program Files\Microsoft Visual Studio\2022\Community\VC\Tools\MSVC\14.35.32215\include\xstring(5258,17): message : 或    “bool std::operator >(const _Elem *const ,const std::basic_string<_Elem,_Traits,_Alloc> &)”
C:\Users\a\Desktop\c++\lesson4\lesson4\lesson4.cpp(171,10): message : “bool std::operator >(const _Elem *const ,const std::basic_string<_Elem,_Traits,_Alloc> &)”: 无法从“const Time”推导出“const _Elem *const ”的 模板 参数
C:\Program Files\Microsoft Visual Studio\2022\Community\VC\Tools\MSVC\14.35.32215\include\xstring(5252,17): message : 或    “bool std::operator >(const std::basic_string<_Elem,_Traits,_Alloc> &,const std::basic_string<_Elem,_Traits,_Alloc> &) noexcept”
C:\Users\a\Desktop\c++\lesson4\lesson4\lesson4.cpp(171,10): message : “bool std::operator >(const std::basic_string<_Elem,_Traits,_Alloc> &,const std::basic_string<_Elem,_Traits,_Alloc> &) noexcept”: 无法从“const Time”推导出“const std::basic_string<_Elem,_Traits,_Alloc> &”的 模板 参数
C:\Program Files\Microsoft Visual Studio\2022\Community\VC\Tools\MSVC\14.35.32215\include\xutility(4006,30): message : 或    “bool std::operator >(const std::move_iterator<_Iter> &,const std::move_iterator<_Iter2> &) noexcept(<expr>)”
C:\Users\a\Desktop\c++\lesson4\lesson4\lesson4.cpp(171,10): message : “bool std::operator >(const std::move_iterator<_Iter> &,const std::move_iterator<_Iter2> &) noexcept(<expr>)”: 无法从“const Time”推导出“const std::move_iterator<_Iter> &”的 模板 参数
C:\Program Files\Microsoft Visual Studio\2022\Community\VC\Tools\MSVC\14.35.32215\include\xutility(1486,5): message : 或    “bool std::operator >(const std::reverse_iterator<_BidIt> &,const std::reverse_iterator<_BidIt2> &) noexcept(<expr>)”
C:\Users\a\Desktop\c++\lesson4\lesson4\lesson4.cpp(171,10): message : “bool std::operator >(const std::reverse_iterator<_BidIt> &,const std::reverse_iterator<_BidIt2> &) noexcept(<expr>)”: 无法从“const Time”推导出“const std::reverse_iterator<_BidIt> &”的 模板 参数
C:\Program Files\Microsoft Visual Studio\2022\Community\VC\Tools\MSVC\14.35.32215\include\utility(394,27): message : 或    “bool std::operator >(const std::pair<_Ty1,_Ty2> &,const std::pair<_Ty1,_Ty2> &)”
C:\Users\a\Desktop\c++\lesson4\lesson4\lesson4.cpp(171,10): message : “bool std::operator >(const std::pair<_Ty1,_Ty2> &,const std::pair<_Ty1,_Ty2> &)”: 无法从“const Time”推导出“const std::pair<_Ty1,_Ty2> &”的 模板 参数
C:\Users\a\Desktop\c++\lesson4\lesson4\lesson4.cpp(171,10): message : 尝试匹配参数列表“(const Time, Time)”时
